<?xml version="1.0" encoding="UTF-8"?>
<!-- Generated by org.testng.reporters.JUnitReportReporter -->
<testsuite hostname="AFSWW4VE0Z4NSO" failures="0" tests="1" name="com.inetbanking.testCases.TC_LoginTest_001" time="3.066" errors="0" timestamp="08 Jan 2021 16:18:22 GMT" skipped="0">
  <testcase classname="com.inetbanking.testCases.TC_LoginTest_001" name="loginTest" time="3.066"/>
</testsuite> <!-- com.inetbanking.testCases.TC_LoginTest_001 -->
