<?xml version="1.0" encoding="UTF-8"?>
<!-- Generated by org.testng.reporters.JUnitReportReporter -->
<testsuite hostname="AFSWW4VE0Z4NSO" failures="0" tests="1" name="com.inetbanking.testCases.TC_LoginTest_001" time="3.023" errors="0" timestamp="07 Jan 2021 20:59:30 GMT" skipped="0">
  <testcase classname="com.inetbanking.testCases.TC_LoginTest_001" name="loginTest" time="3.023"/>
</testsuite> <!-- com.inetbanking.testCases.TC_LoginTest_001 -->
