<?xml version="1.0" encoding="UTF-8"?>
<!-- Generated by org.testng.reporters.JUnitReportReporter -->
<testsuite hostname="AFSWW4VE0Z4NSO" failures="0" tests="1" name="com.inetbanking.testCases.TC_AddCustomerTest_003" time="15.867" errors="0" timestamp="07 Jan 2021 14:07:20 GMT" skipped="0">
  <testcase classname="com.inetbanking.testCases.TC_AddCustomerTest_003" name="addNewCustomer" time="15.867"/>
</testsuite> <!-- com.inetbanking.testCases.TC_AddCustomerTest_003 -->
